
=============================== Log Started [2022-08-22 18:44:26 AEST] ===============================
[2022-08-22 18:44:26,794:     agent.nputna@student.]:     INFO - Using FM Client version: 4.0.7-alpha
[2022-08-22 18:44:26,796:     agent.nputna@student.]:     INFO - Attempting to log into AHM as regular-idol|nputna@student.unimelb.edu.au
[2022-08-22 18:44:27,949:     agent.nputna@student.]:     INFO - Establishing realtime WebSocket connection to AlgoHost
[2022-08-22 18:44:28,676:     agent.nputna@student.]:     INFO - Establishing realtime WebSocket connection to AHM
[2022-08-22 18:44:29,417:     agent.nputna@student.]:     INFO - Requesting initial information for marketplace `1175`
[2022-08-22 18:44:29,671:          ws.FM.nputna@stu]:     INFO - Connected to AHM Server tcp4:54.235.77.118:443
[2022-08-22 18:44:30,657:     agent.nputna@student.]:     INFO - Initialisation complete. Received marketplace information.
[2022-08-22 18:44:30,657:     agent.nputna@student.]:     INFO - I am nputna@student.unimelb.edu.au(User(36634,Noah,Putna,nputna@student.unimelb.edu.au,[USER]))
[2022-08-22 18:44:30,657:     agent.nputna@student.]:     INFO - Session: SID:42501:SessionState.CLOSED
[2022-08-22 18:44:40,829:     agent.nputna@student.]:    ERROR - Oops. Keyboard Interrupt received from user.
[2022-08-22 18:44:40,830:     agent.nputna@student.]:     INFO - Shutting Down
[2022-08-22 18:44:40,830:     agent.nputna@student.]:     INFO - I have been asked to stop! [94m[1m:-([0m

=============================== Log Started [2022-08-25 15:53:00 AEST] ===============================
[2022-08-25 15:53:00,946:     agent.nputna@student.]:     INFO - Using FM Client version: 4.0.7-alpha
[2022-08-25 15:53:00,948:     agent.nputna@student.]:     INFO - Attempting to log into AHM as regular-idol|nputna@student.unimelb.edu.au
[2022-08-25 15:53:02,135:     agent.nputna@student.]:     INFO - Establishing realtime WebSocket connection to AHM
[2022-08-25 15:53:02,923:     agent.nputna@student.]:     INFO - Requesting initial information for marketplace `1175`
[2022-08-25 15:53:03,155:          ws.FM.nputna@stu]:     INFO - Connected to AHM Server tcp4:54.205.8.205:443
[2022-08-25 15:53:04,185:     agent.nputna@student.]:     INFO - Initialisation complete. Received marketplace information.
[2022-08-25 15:53:04,185:     agent.nputna@student.]:     INFO - I am nputna@student.unimelb.edu.au(User(36634,Noah,Putna,nputna@student.unimelb.edu.au,[USER]))
[2022-08-25 15:53:04,185:     agent.nputna@student.]:     INFO - Market with id 2086
[2022-08-25 15:53:04,185:     agent.nputna@student.]:     INFO - Market with id 2085
[2022-08-25 15:53:04,186:     agent.nputna@student.]:     INFO - Session: SID:42589:SessionState.OPEN
[2022-08-25 15:53:04,186:     agent.nputna@student.]:     INFO - Market is open
[2022-08-25 15:53:04,186:     agent.nputna@student.]:     INFO - Cash available is 5000
[2022-08-25 15:53:04,187:     agent.nputna@student.]:     INFO - Cash settled is 5000
[2022-08-25 15:53:04,766:     agent.nputna@student.]:     INFO - order accepted test
[2022-08-25 15:53:04,796:     agent.nputna@student.]:     INFO - Cash available is 4300
[2022-08-25 15:53:04,796:     agent.nputna@student.]:     INFO - Cash settled is 5000
[2022-08-25 15:53:08,526:     agent.nputna@student.]:     INFO - Cash available is 4300
[2022-08-25 15:53:08,526:     agent.nputna@student.]:     INFO - Cash settled is 4300
[2022-08-25 15:53:21,249:     agent.nputna@student.]:    ERROR - Oops. Keyboard Interrupt received from user.
[2022-08-25 15:53:21,252:     agent.nputna@student.]:     INFO - Shutting Down
[2022-08-25 15:53:21,252:     agent.nputna@student.]:     INFO - I have been asked to stop! [94m[1m:-([0m

=============================== Log Started [2022-08-25 15:55:23 AEST] ===============================
[2022-08-25 15:55:23,740:     agent.nputna@student.]:     INFO - Using FM Client version: 4.0.7-alpha
[2022-08-25 15:55:23,741:     agent.nputna@student.]:     INFO - Attempting to log into AHM as regular-idol|nputna@student.unimelb.edu.au
[2022-08-25 15:55:26,159:     agent.nputna@student.]:     INFO - Establishing realtime WebSocket connection to AHM
[2022-08-25 15:55:27,126:     agent.nputna@student.]:     INFO - Requesting initial information for marketplace `1175`
[2022-08-25 15:55:27,351:          ws.FM.nputna@stu]:     INFO - Connected to AHM Server tcp4:18.211.231.38:443
[2022-08-25 15:55:28,402:     agent.nputna@student.]:     INFO - Initialisation complete. Received marketplace information.
[2022-08-25 15:55:28,403:     agent.nputna@student.]:     INFO - I am nputna@student.unimelb.edu.au(User(36634,Noah,Putna,nputna@student.unimelb.edu.au,[USER]))
[2022-08-25 15:55:28,403:     agent.nputna@student.]:     INFO - Market with id 2086
[2022-08-25 15:55:28,403:     agent.nputna@student.]:     INFO - Market with id 2085
[2022-08-25 15:55:28,403:     agent.nputna@student.]:     INFO - Session: SID:42590:SessionState.OPEN
[2022-08-25 15:55:28,403:     agent.nputna@student.]:     INFO - Market is open
[2022-08-25 15:55:28,404:     agent.nputna@student.]:     INFO - Cash available is 5000
[2022-08-25 15:55:28,404:     agent.nputna@student.]:     INFO - Cash settled is 5000
[2022-08-25 15:55:28,923:     agent.nputna@student.]:     INFO - order accepted test
[2022-08-25 15:55:29,019:     agent.nputna@student.]:     INFO - Cash available is 5590
[2022-08-25 15:55:29,019:     agent.nputna@student.]:     INFO - Cash settled is 5590
[2022-08-25 15:55:45,762:     agent.nputna@student.]:     INFO - Cash available is 5090
[2022-08-25 15:55:45,762:     agent.nputna@student.]:     INFO - Cash settled is 5090
[2022-08-25 15:56:42,065:     agent.nputna@student.]:    ERROR - Oops. Keyboard Interrupt received from user.
[2022-08-25 15:56:42,065:     agent.nputna@student.]:     INFO - Shutting Down
[2022-08-25 15:56:42,066:     agent.nputna@student.]:     INFO - I have been asked to stop! [94m[1m:-([0m

=============================== Log Started [2022-08-25 15:56:45 AEST] ===============================
[2022-08-25 15:56:45,114:     agent.nputna@student.]:     INFO - Using FM Client version: 4.0.7-alpha
[2022-08-25 15:56:45,115:     agent.nputna@student.]:     INFO - Attempting to log into AHM as regular-idol|nputna@student.unimelb.edu.au
[2022-08-25 15:56:46,374:     agent.nputna@student.]:     INFO - Establishing realtime WebSocket connection to AHM
[2022-08-25 15:56:47,262:     agent.nputna@student.]:     INFO - Requesting initial information for marketplace `1175`
[2022-08-25 15:56:47,487:          ws.FM.nputna@stu]:     INFO - Connected to AHM Server tcp4:54.235.77.118:443
[2022-08-25 15:56:48,607:     agent.nputna@student.]:     INFO - Initialisation complete. Received marketplace information.
[2022-08-25 15:56:48,607:     agent.nputna@student.]:     INFO - I am nputna@student.unimelb.edu.au(User(36634,Noah,Putna,nputna@student.unimelb.edu.au,[USER]))
[2022-08-25 15:56:48,607:     agent.nputna@student.]:     INFO - Market with id 2086
[2022-08-25 15:56:48,607:     agent.nputna@student.]:     INFO - Market with id 2085
[2022-08-25 15:56:48,608:     agent.nputna@student.]:     INFO - Session: SID:42590:SessionState.OPEN
[2022-08-25 15:56:48,608:     agent.nputna@student.]:     INFO - Market is open
[2022-08-25 15:56:48,608:     agent.nputna@student.]:     INFO - Cash available is 5090
[2022-08-25 15:56:48,608:     agent.nputna@student.]:     INFO - Cash settled is 5090
[2022-08-25 15:56:49,160:     agent.nputna@student.]:     INFO - order accepted test
[2022-08-25 15:56:49,227:     agent.nputna@student.]:     INFO - Cash available is 5720
[2022-08-25 15:56:49,227:     agent.nputna@student.]:     INFO - Cash settled is 5720
[2022-08-25 15:56:56,588:     agent.nputna@student.]:     INFO - Cash available is 5220
[2022-08-25 15:56:56,588:     agent.nputna@student.]:     INFO - Cash settled is 5220
[2022-08-25 15:57:00,730:     agent.nputna@student.]:    ERROR - Oops. Keyboard Interrupt received from user.
[2022-08-25 15:57:00,730:     agent.nputna@student.]:     INFO - Shutting Down
[2022-08-25 15:57:00,731:     agent.nputna@student.]:     INFO - I have been asked to stop! [94m[1m:-([0m

=============================== Log Started [2022-08-25 15:57:03 AEST] ===============================
[2022-08-25 15:57:03,918:     agent.nputna@student.]:     INFO - Using FM Client version: 4.0.7-alpha
[2022-08-25 15:57:03,919:     agent.nputna@student.]:     INFO - Attempting to log into AHM as regular-idol|nputna@student.unimelb.edu.au
[2022-08-25 15:57:05,193:     agent.nputna@student.]:     INFO - Establishing realtime WebSocket connection to AHM
[2022-08-25 15:57:05,913:     agent.nputna@student.]:     INFO - Requesting initial information for marketplace `1175`
[2022-08-25 15:57:06,137:          ws.FM.nputna@stu]:     INFO - Connected to AHM Server tcp4:54.235.77.118:443
[2022-08-25 15:57:07,203:     agent.nputna@student.]:     INFO - Initialisation complete. Received marketplace information.
[2022-08-25 15:57:07,203:     agent.nputna@student.]:     INFO - I am nputna@student.unimelb.edu.au(User(36634,Noah,Putna,nputna@student.unimelb.edu.au,[USER]))
[2022-08-25 15:57:07,203:     agent.nputna@student.]:     INFO - Market with id 2086
[2022-08-25 15:57:07,204:     agent.nputna@student.]:     INFO - Market with id 2085
[2022-08-25 15:57:07,204:     agent.nputna@student.]:     INFO - Session: SID:42590:SessionState.OPEN
[2022-08-25 15:57:07,204:     agent.nputna@student.]:     INFO - Market is open
[2022-08-25 15:57:07,205:     agent.nputna@student.]:     INFO - Cash available is 5220
[2022-08-25 15:57:07,205:     agent.nputna@student.]:     INFO - Cash settled is 5220
[2022-08-25 15:57:07,789:     agent.nputna@student.]:     INFO - order accepted test
[2022-08-25 15:57:07,822:     agent.nputna@student.]:     INFO - Cash available is 6010
[2022-08-25 15:57:07,823:     agent.nputna@student.]:     INFO - Cash settled is 6010
[2022-08-25 15:57:10,244:     agent.nputna@student.]:     INFO - Cash available is 5510
[2022-08-25 15:57:10,244:     agent.nputna@student.]:     INFO - Cash settled is 5510
[2022-08-25 15:57:16,845:     agent.nputna@student.]:    ERROR - Oops. Keyboard Interrupt received from user.
[2022-08-25 15:57:16,845:     agent.nputna@student.]:     INFO - Shutting Down
[2022-08-25 15:57:16,845:     agent.nputna@student.]:     INFO - I have been asked to stop! [94m[1m:-([0m
